<?xml version="1.0" encoding="UTF-8"?>
<testsuite name="TrianglesTest" tests="4" skipped="0" failures="0" errors="0" timestamp="2016-09-06T22:20:32" hostname="epicodus-3.local" time="0.002">
  <properties/>
  <testcase name="isTriangle_sidesConnect_boolean" classname="TrianglesTest" time="0.001"/>
  <testcase name="isScalene_sidesNotEqual_boolean" classname="TrianglesTest" time="0.0"/>
  <testcase name="isEquilateral_sidesAllEqual_booelan" classname="TrianglesTest" time="0.0"/>
  <testcase name="isIsosceles_twoSidesEqual_boolean" classname="TrianglesTest" time="0.0"/>
  <system-out><![CDATA[]]></system-out>
  <system-err><![CDATA[]]></system-err>
</testsuite>
